"compet-n","rs04-309.zip","Requiem","MAP04","Fireworks","nm100s","Nightmare 100% Secrets","03:09:00","2018-05-09"
"compet-n","m210-557.zip","Memento Mori 2","MAP10","Clear for Death","max","Ultra Violence Max","05:57:54","2018-11-11"
"compet-n","m212f328.zip","Memento Mori 2","MAP12","The Waterway","fast","Ultra Violence Fast","03:28:57","2018-11-15"
"compet-n","ns10-143.zip","Doom 2","MAP10","Refueling Base","nm100s","Nightmare 100% Secrets","01:43:66","2018-11-24"
"compet-n","ef05-413.zip","Final Doom, TNT: Evilution","MAP05","Hanger","fast","Ultra Violence Fast","04:13:34","2018-11-04"
"compet-n","m224-456.zip","Memento Mori 2","MAP24","Io Lab","max","Ultra Violence Max","04:56:83","2018-11-27"
"compet-n","n1s3-141.zip","The Ultimate Doom","E1M3","Toxin Refinery","nm100s","Nightmare 100% Secrets","01:41:34","2018-11-28"
"compet-n","p1m3s340.zip","The Ultimate Doom","E1M3S","Toxin Refinery Secret Exit","pacifist","Ultra Violence Pacifist","03:40:83","2018-11-30"
"compet-n","m2071101.zip","Memento Mori 2","MAP07","Frustration","tyson","Ultra Violence Tyson","11:01:54","2018-12-01"
"compet-n","m207p443.zip","Memento Mori 2","MAP07","Frustration","pacifist","Ultra Violence Pacifist","04:43:34","2018-12-02"
"compet-n","m207-223.zip","Memento Mori 2","MAP07","Frustration","speed","Ultra Violence Speed","02:23:26","2018-12-04"
"compet-n","e1fa2142.zip","The Ultimate Doom","EP1","Knee-Deep in the Dead (E1M1 - E1M9)","fast","Ultra Violence Fast","21:42:00","2018-12-03"
"compet-n","e1m5-222.zip","The Ultimate Doom","E1M5","Phobos Lab","speed","Ultra Violence Speed","02:22:00","2018-12-19"
"compet-n","e1m5-222.zip","The Ultimate Doom","E1M1","Hangar","max","Ultra Violence Max","02:22:00","2018-12-18"
"compet-n","e1m5-222.zip","The Ultimate Doom","E1M5","Phobos Lab","max","Ultra Violence Max","02:22:00","2018-12-19"
"compet-n","rq06-747.zip","Requiem","MAP06","nataS ot etubirT","max","Ultra Violence Max","07:47:00","2018-12-28"
"compet-n","e1m6-312.zip","The Ultimate Doom","E1M6","Central Processing","max","Ultra Violence Max","03:12:00","2018-12-28"
"compet-n","m207-509.zip","Memento Mori 2","MAP07","Frustration","max","Ultra Violence Max","05:09:57","2018-12-05"
"compet-n","m207f734.zip","Memento Mori 2","MAP07","Frustration","fast","Ultra Violence Fast","07:34:23","2018-12-05"
"compet-n","m207r410.zip","Memento Mori 2","MAP07","Frustration","respawn","Ultra Violence Respawn","04:10:46","2018-12-05"
"compet-n","m206-210.zip","Memento Mori 2","MAP06","Trapped","speed","Ultra Violence Speed","02:10:11","2018-12-07"
"compet-n","rq271415.zip","Requiem","MAP27","Cursed Kingdom","max","Ultra Violence Max","14:15:00","2019-01-01"
"compet-n","es21-823.zip","Final Doom, TNT: Evilution","MAP21","Administration Center","nm100s","Nightmare 100% Secrets","08:23:00","2019-01-05"
"compet-n","tn21-543.zip","Final Doom, TNT: Evilution","MAP21","Administration Center","nmare","Nightmare Speed","05:43:00","2019-01-05"
"compet-n","e1m6-305.zip","The Ultimate Doom","E1M6","Central Processing","max","Ultra Violence Max","03:05:00","2019-01-06"
"compet-n","tn21-409.zip","Final Doom, TNT: Evilution","MAP21","Administration Center","nmare","Nightmare Speed","04:09:00","2019-01-06"
"compet-n","e1m9-211.zip","The Ultimate Doom","E1M9","Military Base","max","Ultra Violence Max","02:11:00","2019-01-09"
"compet-n","m201n042.zip","Memento Mori 2","MAP01","Outpost","nmare","Nightmare Speed","00:42:51","2018-12-07"
"compet-n","m201s116.zip","Memento Mori 2","MAP01","Outpost","nm100s","Nightmare 100% Secrets","01:16:83","2018-12-08"
"compet-n","m2061552.zip","Memento Mori 2","MAP06","Trapped","pacifist","Ultra Violence Pacifist","15:52:57","2018-12-10"
"compet-n","m201t325.zip","Memento Mori 2","MAP01","Outpost","tyson","Ultra Violence Tyson","03:25:17","2018-12-11"
"compet-n","m203-213.zip","Memento Mori 2","MAP03","...And Hell Beneath","speed","Ultra Violence Speed","02:13:63","2018-12-14"
"compet-n","m2032112.zip","Memento Mori 2","MAP03","...And Hell Beneath","tyson","Ultra Violence Tyson","21:12:23","2018-12-24"
"compet-n","m203-423.zip","Memento Mori 2","MAP03","...And Hell Beneath","max","Ultra Violence Max","04:23:34","2018-12-29"
"compet-n","m203f528.zip","Memento Mori 2","MAP03","...And Hell Beneath","fast","Ultra Violence Fast","05:28:66","2018-12-29"
"compet-n","m203r411.zip","Memento Mori 2","MAP03","...And Hell Beneath","respawn","Ultra Violence Respawn","04:11:17","2018-12-29"
"compet-n","m204n140.zip","Memento Mori 2","MAP04","Ratamahatta","nmare","Nightmare Speed","01:40:34","2018-12-30"
"compet-n","m204s706.zip","Memento Mori 2","MAP04","Ratamahatta","nm100s","Nightmare 100% Secrets","07:06:43","2018-12-31"
"compet-n","es21-628.zip","Final Doom, TNT: Evilution","MAP21","Administration Center","nm100s","Nightmare 100% Secrets","06:28:00","2019-01-11"
"compet-n","e3m5-258.zip","The Ultimate Doom","E3M5","Unholy Cathedral","max","Ultra Violence Max","02:58:00","2019-01-18"
"compet-n","lv07-004.zip","Doom 2","MAP07","Dead Simple","speed","Ultra Violence Speed","00:04:00","2018-02-22"
"compet-n","lv07-004.zip","Doom 2","MAP07","Dead Simple","pacifist","Ultra Violence Pacifist","00:04:00","2018-02-22"
